<?xml version="1.0" encoding="UTF-8"?>
<!-- Generated by org.testng.reporters.JUnitReportReporter -->
<testsuite skipped="0" hostname="DESKTOP-H4F3BNE" name="Script.BaseClass" tests="1" failures="0" timestamp="2021-02-21T14:53:46 IST" time="19.969" errors="0">
  <testcase name="setup" time="19.969" classname="Script.BaseClass"/>
  <system-out/>
</testsuite> <!-- Script.BaseClass -->
