<?xml version="1.0" encoding="UTF-8"?>
<!-- Generated by org.testng.reporters.JUnitReportReporter -->
<testsuite skipped="0" hostname="DESKTOP-H4F3BNE" name="Script.BaseClass" tests="1" failures="0" timestamp="2020-12-11T17:24:05 IST" time="21.570" errors="0">
  <testcase name="setup" time="21.570" classname="Script.BaseClass"/>
  <system-out/>
</testsuite> <!-- Script.BaseClass -->
